[35m[1mScanning dependencies of target stereo[0m
<<<<<<< HEAD
[35m[1mScanning dependencies of target mono[0m
[35m[1mScanning dependencies of target rgbd[0m
[ 33%] [32mBuilding CXX object CMakeFiles/mono.dir/src/ros_mono.cc.o[0m
[ 33%] [32mBuilding CXX object CMakeFiles/stereo.dir/src/ros_stereo.cc.o[0m
[ 50%] [32mBuilding CXX object CMakeFiles/rgbd.dir/src/ros_rgbd.cc.o[0m
[ 66%] [32m[1mLinking CXX executable /home/jy/orb_slam_ws/orb_slam2_map/ros/devel/.private/orb_slam2/lib/orb_slam2/mono[0m
[ 66%] Built target mono
[ 83%] [32m[1mLinking CXX executable /home/jy/orb_slam_ws/orb_slam2_map/ros/devel/.private/orb_slam2/lib/orb_slam2/stereo[0m
[100%] [32m[1mLinking CXX executable /home/jy/orb_slam_ws/orb_slam2_map/ros/devel/.private/orb_slam2/lib/orb_slam2/rgbd[0m
=======
[35m[1mScanning dependencies of target rgbd[0m
[35m[1mScanning dependencies of target mono[0m
[ 16%] [32mBuilding CXX object CMakeFiles/stereo.dir/src/ros_stereo.cc.o[0m
[ 33%] [32mBuilding CXX object CMakeFiles/rgbd.dir/src/ros_rgbd.cc.o[0m
[ 50%] [32mBuilding CXX object CMakeFiles/mono.dir/src/ros_mono.cc.o[0m
[ 66%] [32m[1mLinking CXX executable /home/nvadmin/jy_ws/orb_slam_ws/orb_slam2/ros/devel/.private/orb_slam2/lib/orb_slam2/mono[0m
[ 66%] Built target mono
[ 83%] [32m[1mLinking CXX executable /home/nvadmin/jy_ws/orb_slam_ws/orb_slam2/ros/devel/.private/orb_slam2/lib/orb_slam2/rgbd[0m
[100%] [32m[1mLinking CXX executable /home/nvadmin/jy_ws/orb_slam_ws/orb_slam2/ros/devel/.private/orb_slam2/lib/orb_slam2/stereo[0m
[100%] Built target rgbd
>>>>>>> 969655e21a3700adac301eaad41140d4baff7ef0
[100%] Built target stereo
[100%] Built target rgbd
